<?xml version="1.0" encoding="UTF-8"?>
<testsuite xmlns:xsi="http://www.w3.org/2001/XMLSchema-instance" xsi:noNamespaceSchemaLocation="https://maven.apache.org/surefire/maven-surefire-plugin/xsd/surefire-test-report.xsd" version="3.0.2" name="com.myfschool.leaveabsence.LeaveRequestRepositoryTests" time="0.118" tests="2" errors="0" skipped="0" failures="0" flakes="0">
  <properties>
[...]
</properties>
  <testcase name="detectsInclusiveOverlapOnlyForPendingAndApprovedRequests" classname="com.myfschool.leaveabsence.LeaveRequestRepositoryTests" time="0.036">
    <system-out><![CDATA[2026-07-17T02:32:35.494+07:00  INFO 21948 --- [myfschool-backend] [           main] t.c.s.AnnotationConfigContextLoaderUtils : Could not detect default configuration classes for test class [com.myfschool.leaveabsence.LeaveRequestRepositoryTests]: LeaveRequestRepositoryTests does not declare any static, non-private, non-final, nested classes annotated with @Configuration.
2026-07-17T02:32:35.513+07:00  INFO 21948 --- [myfschool-backend] [           main] .b.t.c.SpringBootTestContextBootstrapper : Found @SpringBootConfiguration com.myfschool.MyFschoolApplication for test class com.myfschool.leaveabsence.LeaveRequestRepositoryTests
2026-07-17T02:32:35.513+07:00  INFO 21948 --- [myfschool-backend] [           main] t.c.s.AnnotationConfigContextLoaderUtils : Could not detect default configuration classes for test class [com.myfschool.leaveabsence.LeaveRequestRepositoryTests]: LeaveRequestRepositoryTests does not declare any static, non-private, non-final, nested classes annotated with @Configuration.
2026-07-17T02:32:35.522+07:00  INFO 21948 --- [myfschool-backend] [           main] .b.t.c.SpringBootTestContextBootstrapper : Found @SpringBootConfiguration com.myfschool.MyFschoolApplication for test class com.myfschool.leaveabsence.LeaveRequestRepositoryTests
Hibernate: insert into academic_year
    (id, name, start_date, end_date, status)
values
    (1, '2026-2027', '2026-08-01', '2027-05-31', 'ACTIVE')

Hibernate: insert into account
    (id, username, password_hash, status, created_at, updated_at)
values
    (1, 'parent-leave-test', 'hash', 'ACTIVE',
     current_timestamp, current_timestamp),
    (2, 'teacher-leave-test', 'hash', 'ACTIVE',
     current_timestamp, current_timestamp)

Hibernate: insert into parent (id, account_id, full_name, status)
values (1, 1, 'Phụ huynh Test', 'ACTIVE')

Hibernate: insert into teacher
    (id, account_id, teacher_code, full_name, status)
values (2, 2, 'TCH002', 'Giáo viên Test', 'ACTIVE')

Hibernate: insert into class
    (id, academic_year_id, class_code, class_name, homeroom_teacher_id)
values (10, 1, '10A1', 'Lớp 10A1', 2)

Hibernate: insert into student
    (id, student_code, full_name, current_class_id, status)
values (20, 'STU0020', 'Học sinh Test', 10, 'ACTIVE')

Hibernate: insert into leave_request
    (id, student_id, parent_id, class_id, from_date, to_date,
     reason, status, created_at, updated_at)
values
    (101, 20, 1, 10, '2026-08-10', '2026-08-12',
     'Nghỉ ốm', 'PENDING', '2026-07-10 08:00:00', '2026-07-10 08:00:00'),
    (102, 20, 1, 10, '2026-08-20', '2026-08-21',
     'Việc gia đình', 'APPROVED', '2026-07-11 08:00:00', '2026-07-11 08:00:00'),
    (103, 20, 1, 10, '2026-08-11', '2026-08-13',
     'Đã từ chối', 'REJECTED', '2026-07-12 08:00:00', '2026-07-12 08:00:00'),
    (104, 20, 1, 10, '2026-08-20', '2026-08-22',
     'Đã hủy', 'CANCELLED', '2026-07-13 08:00:00', '2026-07-13 08:00:00')

Hibernate: select count(lr1_0.id) from leave_request lr1_0 where lr1_0.student_id=? and lr1_0.status in (?,?) and lr1_0.from_date<=? and lr1_0.to_date>=?
Hibernate: select count(lr1_0.id) from leave_request lr1_0 where lr1_0.student_id=? and lr1_0.status in (?,?) and lr1_0.from_date<=? and lr1_0.to_date>=?
]]></system-out>
  </testcase>
  <testcase name="loadsParentAndHomeroomListsWithDetailsAndStatusFilter" classname="com.myfschool.leaveabsence.LeaveRequestRepositoryTests" time="0.038">
    <system-out><![CDATA[Hibernate: insert into academic_year
    (id, name, start_date, end_date, status)
values
    (1, '2026-2027', '2026-08-01', '2027-05-31', 'ACTIVE')

Hibernate: insert into account
    (id, username, password_hash, status, created_at, updated_at)
values
    (1, 'parent-leave-test', 'hash', 'ACTIVE',
     current_timestamp, current_timestamp),
    (2, 'teacher-leave-test', 'hash', 'ACTIVE',
     current_timestamp, current_timestamp)

Hibernate: insert into parent (id, account_id, full_name, status)
values (1, 1, 'Phụ huynh Test', 'ACTIVE')

Hibernate: insert into teacher
    (id, account_id, teacher_code, full_name, status)
values (2, 2, 'TCH002', 'Giáo viên Test', 'ACTIVE')

Hibernate: insert into class
    (id, academic_year_id, class_code, class_name, homeroom_teacher_id)
values (10, 1, '10A1', 'Lớp 10A1', 2)

Hibernate: insert into student
    (id, student_code, full_name, current_class_id, status)
values (20, 'STU0020', 'Học sinh Test', 10, 'ACTIVE')

Hibernate: insert into leave_request
    (id, student_id, parent_id, class_id, from_date, to_date,
     reason, status, created_at, updated_at)
values
    (101, 20, 1, 10, '2026-08-10', '2026-08-12',
     'Nghỉ ốm', 'PENDING', '2026-07-10 08:00:00', '2026-07-10 08:00:00'),
    (102, 20, 1, 10, '2026-08-20', '2026-08-21',
     'Việc gia đình', 'APPROVED', '2026-07-11 08:00:00', '2026-07-11 08:00:00'),
    (103, 20, 1, 10, '2026-08-11', '2026-08-13',
     'Đã từ chối', 'REJECTED', '2026-07-12 08:00:00', '2026-07-12 08:00:00'),
    (104, 20, 1, 10, '2026-08-20', '2026-08-22',
     'Đã hủy', 'CANCELLED', '2026-07-13 08:00:00', '2026-07-13 08:00:00')

Hibernate: select lr1_0.id,lr1_0.created_at,lr1_0.from_date,lr1_0.parent_id,p1_0.id,p1_0.account_id,p1_0.full_name,p1_0.status,lr1_0.reason,lr1_0.review_note,lr1_0.reviewed_at,rbt1_0.id,rbt1_0.account_id,rbt1_0.full_name,rbt1_0.status,rbt1_0.teacher_code,lr1_0.class_id,sc1_0.id,sc1_0.academic_year_id,sc1_0.class_code,sc1_0.class_name,sc1_0.homeroom_teacher_id,lr1_0.status,lr1_0.student_id,s1_0.id,s1_0.account_id,s1_0.current_class_id,s1_0.full_name,s1_0.status,s1_0.student_code,lr1_0.to_date,lr1_0.updated_at from leave_request lr1_0 join student s1_0 on s1_0.id=lr1_0.student_id join parent p1_0 on p1_0.id=lr1_0.parent_id join class sc1_0 on sc1_0.id=lr1_0.class_id left join teacher rbt1_0 on rbt1_0.id=lr1_0.reviewed_by_teacher_id where p1_0.id=? and s1_0.id=? and (? is null or lr1_0.status=?) order by lr1_0.created_at desc,lr1_0.id desc
Hibernate: select lr1_0.id,lr1_0.created_at,lr1_0.from_date,lr1_0.parent_id,p1_0.id,p1_0.account_id,p1_0.full_name,p1_0.status,lr1_0.reason,lr1_0.review_note,lr1_0.reviewed_at,rbt1_0.id,rbt1_0.account_id,rbt1_0.full_name,rbt1_0.status,rbt1_0.teacher_code,lr1_0.class_id,sc1_0.id,sc1_0.academic_year_id,sc1_0.class_code,sc1_0.class_name,sc1_0.homeroom_teacher_id,lr1_0.status,lr1_0.student_id,s1_0.id,s1_0.account_id,s1_0.current_class_id,s1_0.full_name,s1_0.status,s1_0.student_code,lr1_0.to_date,lr1_0.updated_at from leave_request lr1_0 join student s1_0 on s1_0.id=lr1_0.student_id join parent p1_0 on p1_0.id=lr1_0.parent_id join class sc1_0 on sc1_0.id=lr1_0.class_id left join teacher rbt1_0 on rbt1_0.id=lr1_0.reviewed_by_teacher_id where sc1_0.id=? and (? is null or lr1_0.status=?) order by lr1_0.created_at desc,lr1_0.id desc
Hibernate: select lr1_0.id,lr1_0.created_at,lr1_0.from_date,lr1_0.parent_id,p1_0.id,p1_0.account_id,p1_0.full_name,p1_0.status,lr1_0.reason,lr1_0.review_note,lr1_0.reviewed_at,rbt1_0.id,rbt1_0.account_id,rbt1_0.full_name,rbt1_0.status,rbt1_0.teacher_code,lr1_0.class_id,sc1_0.id,sc1_0.academic_year_id,sc1_0.class_code,sc1_0.class_name,sc1_0.homeroom_teacher_id,lr1_0.status,lr1_0.student_id,s1_0.id,s1_0.account_id,s1_0.current_class_id,s1_0.full_name,s1_0.status,s1_0.student_code,lr1_0.to_date,lr1_0.updated_at from leave_request lr1_0 join student s1_0 on s1_0.id=lr1_0.student_id join parent p1_0 on p1_0.id=lr1_0.parent_id join class sc1_0 on sc1_0.id=lr1_0.class_id left join teacher rbt1_0 on rbt1_0.id=lr1_0.reviewed_by_teacher_id where lr1_0.id=?
]]></system-out>
  </testcase>
</testsuite>