<?xml version="1.0" encoding="UTF-8"?>
<testsuite xmlns:xsi="http://www.w3.org/2001/XMLSchema-instance" xsi:noNamespaceSchemaLocation="https://maven.apache.org/surefire/maven-surefire-plugin/xsd/surefire-test-report.xsd" version="3.0.2" name="com.myfschool.academic.TimetableRepositoryTests" time="1.985" tests="1" errors="0" skipped="0" failures="0" flakes="0">
  <properties>
[...]
</properties>
  <testcase name="findsCommonAndSelectedGroupEntriesEffectiveDuringRequestedWeek" classname="com.myfschool.academic.TimetableRepositoryTests" time="0.539">
    <system-out><![CDATA[2026-07-17T02:32:29.292+07:00  INFO 21948 --- [myfschool-backend] [           main] t.c.s.AnnotationConfigContextLoaderUtils : Could not detect default configuration classes for test class [com.myfschool.academic.TimetableRepositoryTests]: TimetableRepositoryTests does not declare any static, non-private, non-final, nested classes annotated with @Configuration.
2026-07-17T02:32:29.330+07:00  INFO 21948 --- [myfschool-backend] [           main] .b.t.c.SpringBootTestContextBootstrapper : Found @SpringBootConfiguration com.myfschool.MyFschoolApplication for test class com.myfschool.academic.TimetableRepositoryTests
2026-07-17T02:32:29.331+07:00  INFO 21948 --- [myfschool-backend] [           main] t.c.s.AnnotationConfigContextLoaderUtils : Could not detect default configuration classes for test class [com.myfschool.academic.TimetableRepositoryTests]: TimetableRepositoryTests does not declare any static, non-private, non-final, nested classes annotated with @Configuration.
2026-07-17T02:32:29.365+07:00  INFO 21948 --- [myfschool-backend] [           main] .b.t.c.SpringBootTestContextBootstrapper : Found @SpringBootConfiguration com.myfschool.MyFschoolApplication for test class com.myfschool.academic.TimetableRepositoryTests

  .   ____          _            __ _ _
 /\\ / ___'_ __ _ _(_)_ __  __ _ \ \ \ \
( ( )\___ | '_ | '_| | '_ \/ _` | \ \ \ \
 \\/  ___)| |_)| | | | | || (_| |  ) ) ) )
  '  |____| .__|_| |_|_| |_\__, | / / / /
 =========|_|==============|___/=/_/_/_/

 :: Spring Boot ::                (v4.1.0)

2026-07-17T02:32:29.410+07:00  INFO 21948 --- [myfschool-backend] [           main] c.m.academic.TimetableRepositoryTests    : Starting TimetableRepositoryTests using Java 24.0.2 with PID 21948 (started by nguye in C:\Users\nguye\myfschoolse1913\backend)
2026-07-17T02:32:29.410+07:00  INFO 21948 --- [myfschool-backend] [           main] c.m.academic.TimetableRepositoryTests    : The following 1 profile is active: "test"
2026-07-17T02:32:29.583+07:00  INFO 21948 --- [myfschool-backend] [           main] .s.d.r.c.RepositoryConfigurationDelegate : Bootstrapping Spring Data JPA repositories in DEFAULT mode.
2026-07-17T02:32:29.651+07:00  INFO 21948 --- [myfschool-backend] [           main] .s.d.r.c.RepositoryConfigurationDelegate : Finished Spring Data repository scanning in 65 ms. Found 22 JPA repository interfaces.
2026-07-17T02:32:29.681+07:00  INFO 21948 --- [myfschool-backend] [           main] beddedDataSourceBeanFactoryPostProcessor : Replacing 'dataSource' DataSource bean with embedded version
2026-07-17T02:32:29.715+07:00  INFO 21948 --- [myfschool-backend] [           main] o.s.j.d.e.EmbeddedDatabaseFactory        : Starting embedded database: url='jdbc:h2:mem:8f5a3fd4-9a01-4bb3-b5ce-71b8cafd7259;DB_CLOSE_DELAY=-1;DB_CLOSE_ON_EXIT=false', username='sa'
2026-07-17T02:32:29.764+07:00  INFO 21948 --- [myfschool-backend] [           main] org.hibernate.orm.jpa                    : HHH008540: Processing PersistenceUnitInfo [name: default]
2026-07-17T02:32:29.827+07:00  INFO 21948 --- [myfschool-backend] [           main] o.s.o.j.p.SpringPersistenceUnitInfo      : No LoadTimeWeaver setup: ignoring JPA class transformer
2026-07-17T02:32:29.832+07:00  INFO 21948 --- [myfschool-backend] [           main] org.hibernate.orm.connections.pooling    : HHH10001005: Database info:
	Database JDBC URL [jdbc:h2:mem:8f5a3fd4-9a01-4bb3-b5ce-71b8cafd7259]
	Database driver: H2 JDBC Driver
	Database dialect: H2Dialect
	Database version: 2.4.240
	Default catalog/schema: 8F5A3FD4-9A01-4BB3-B5CE-71B8CAFD7259/PUBLIC
	Autocommit mode: undefined/unknown
	Isolation level: READ_COMMITTED [default READ_COMMITTED]
	JDBC fetch size: 100
	Pool: DataSourceConnectionProvider
	Minimum pool size: undefined/unknown
	Maximum pool size: undefined/unknown
2026-07-17T02:32:30.189+07:00  INFO 21948 --- [myfschool-backend] [           main] org.hibernate.orm.core                   : HHH000489: No JTA platform available (set 'hibernate.transaction.jta.platform' to enable JTA platform integration)
Hibernate: drop table if exists absence_record cascade 
Hibernate: drop table if exists academic_year cascade 
Hibernate: drop table if exists account cascade 
Hibernate: drop table if exists account_role cascade 
Hibernate: drop table if exists class cascade 
Hibernate: drop table if exists grade cascade 
Hibernate: drop table if exists grade_component cascade 
Hibernate: drop table if exists learning_result cascade 
Hibernate: drop table if exists leave_request cascade 
Hibernate: drop table if exists lesson_slot cascade 
Hibernate: drop table if exists notification cascade 
Hibernate: drop table if exists notification_recipient cascade 
Hibernate: drop table if exists parent cascade 
Hibernate: drop table if exists parent_student cascade 
Hibernate: drop table if exists school_event cascade 
Hibernate: drop table if exists semester cascade 
Hibernate: drop table if exists student cascade 
Hibernate: drop table if exists student_class_history cascade 
Hibernate: drop table if exists student_study_group cascade 
Hibernate: drop table if exists study_group cascade 
Hibernate: drop table if exists subject cascade 
Hibernate: drop table if exists teacher cascade 
Hibernate: drop table if exists teaching_assignment cascade 
Hibernate: drop table if exists timetable cascade 
Hibernate: create table absence_record (absence_date date not null, class_id bigint not null, created_at timestamp(6) not null, id bigint generated by default as identity, leave_request_id bigint, recorded_by_teacher_id bigint, student_id bigint not null, updated_at timestamp(6) not null, note TEXT, source enum ('LEAVE_REQUEST','SYSTEM','TEACHER_REPORT') not null, status enum ('EXCUSED_ABSENT','PENDING_VERIFICATION','UNEXCUSED_ABSENT') not null, primary key (id), constraint uq_absence_record_student_date_source unique (student_id, absence_date, source))
Hibernate: create table academic_year (end_date date not null, start_date date not null, id bigint generated by default as identity, name varchar(50) not null unique, status enum ('ACTIVE','CLOSED','PLANNED') not null, primary key (id))
Hibernate: create table account (created_at timestamp(6) not null, id bigint generated by default as identity, last_login_at timestamp(6), updated_at timestamp(6) not null, phone varchar(20) unique, username varchar(100) unique, email varchar(255), password_hash varchar(255) not null, status enum ('ACTIVE','INACTIVE','LOCKED','PASSWORD_RESET_REQUIRED') not null, primary key (id))
Hibernate: create table account_role (account_id bigint not null, created_at timestamp(6) not null, id bigint generated by default as identity, updated_at timestamp(6) not null, role enum ('ADMIN','PARENT','STUDENT','TEACHER') not null, status enum ('ACTIVE','INACTIVE') not null, primary key (id), constraint uq_account_role_account_role unique (account_id, role))
Hibernate: create table class (academic_year_id bigint not null, homeroom_teacher_id bigint, id bigint generated by default as identity, class_code varchar(50) not null, class_name varchar(100) not null, primary key (id))
Hibernate: create table grade (attempt_no integer not null, is_published boolean not null, score numeric(4,2) not null, weight numeric(5,2) not null, class_id bigint not null, entered_by_teacher_id bigint not null, grade_component_id bigint not null, id bigint generated by default as identity, published_at timestamp(6), semester_id bigint not null, student_id bigint not null, subject_id bigint not null, updated_by_account_id bigint, primary key (id))
Hibernate: create table grade_component (is_required boolean not null, weight numeric(5,2) not null, id bigint generated by default as identity, code varchar(50) not null unique, name varchar(100) not null, status enum ('ACTIVE','INACTIVE') not null, primary key (id))
Hibernate: create table learning_result (average_score numeric(4,2), is_finalized boolean not null, academic_year_id bigint not null, class_id bigint not null, created_at timestamp(6) not null, finalized_at timestamp(6), finalized_by_account_id bigint, id bigint generated by default as identity, semester_id bigint, student_id bigint not null, subject_id bigint, updated_at timestamp(6) not null, conduct_label varchar(50), promotion_status varchar(50), rank_label varchar(50), description TEXT, result_type enum ('ANNUAL_SUMMARY','SEMESTER_SUMMARY','SUBJECT_ANNUAL','SUBJECT_SEMESTER') not null, primary key (id))
Hibernate: create table leave_request (from_date date not null, to_date date not null, class_id bigint not null, created_at timestamp(6) not null, id bigint generated by default as identity, parent_id bigint not null, reviewed_at timestamp(6), reviewed_by_teacher_id bigint, student_id bigint not null, updated_at timestamp(6) not null, reason TEXT not null, review_note TEXT, status enum ('APPROVED','CANCELLED','PENDING','REJECTED') not null, primary key (id))
Hibernate: create table lesson_slot (end_time time(0) not null, slot_index integer not null, start_time time(0) not null, id bigint generated by default as identity, shift enum ('AFTERNOON','MORNING') not null, primary key (id))
Hibernate: create table notification (created_at timestamp(6) not null, created_by_account_id bigint, id bigint generated by default as identity, related_entity_id bigint, related_student_id bigint, related_entity_type varchar(50), content TEXT not null, title varchar(255) not null, type enum ('ABSENCE','ANNOUNCEMENT','CLUB','EVENT','GRADE','LEAVE','SYSTEM','TUITION') not null, primary key (id))
Hibernate: create table notification_recipient (is_read boolean not null, account_id bigint not null, created_at timestamp(6) not null, id bigint generated by default as identity, notification_id bigint not null, read_at timestamp(6), delivery_status enum ('FAILED','PENDING','SENT') not null, primary key (id), constraint uq_notification_recipient_notification_account unique (notification_id, account_id))
Hibernate: create table parent (account_id bigint not null unique, id bigint generated by default as identity, full_name varchar(150) not null, status enum ('ACTIVE','INACTIVE') not null, primary key (id))
Hibernate: create table parent_student (is_primary_contact boolean not null, id bigint generated by default as identity, parent_id bigint not null, student_id bigint not null, relationship varchar(50), status enum ('ACTIVE','INACTIVE') not null, primary key (id))
Hibernate: create table school_event (end_time time(0), event_date date not null, is_all_day boolean not null, start_time time(0), class_id bigint, created_at timestamp(6) not null, created_by_account_id bigint not null, id bigint generated by default as identity, published_at timestamp(6), updated_at timestamp(6) not null, cancellation_reason TEXT, description TEXT, location varchar(255), title varchar(255) not null, participation_type enum ('OPTIONAL','REQUIRED') not null, scope enum ('CLASS','SCHOOL') not null, status enum ('CANCELLED','COMPLETED','DRAFT','PUBLISHED') not null, primary key (id))
Hibernate: create table semester (end_date date not null, semester_index integer not null, start_date date not null, academic_year_id bigint not null, id bigint generated by default as identity, name varchar(50) not null, status enum ('ACTIVE','CLOSED','PLANNED') not null, primary key (id))
Hibernate: create table student (account_id bigint unique, current_class_id bigint, id bigint generated by default as identity, student_code varchar(50) not null unique, full_name varchar(150) not null, status enum ('ACTIVE','GRADUATED','INACTIVE','PENDING_CLASS_ASSIGNMENT','TRANSFERRED_OUT') not null, primary key (id))
Hibernate: create table student_class_history (end_date date, start_date date not null, academic_year_id bigint not null, class_id bigint not null, id bigint generated by default as identity, student_id bigint not null, note varchar(500), status enum ('ACTIVE','CANCELLED','COMPLETED','TRANSFERRED') not null, primary key (id))
Hibernate: create table student_study_group (effective_from date not null, effective_to date, academic_year_id bigint not null, id bigint generated by default as identity, semester_id bigint not null, student_id bigint not null, study_group_id bigint not null, status enum ('ACTIVE','INACTIVE') not null, primary key (id))
Hibernate: create table study_group (class_id bigint not null, id bigint generated by default as identity, subject_cluster_id bigint not null, group_code varchar(50) not null, group_name varchar(100) not null, status enum ('ACTIVE','INACTIVE') not null, primary key (id))
Hibernate: create table subject (id bigint generated by default as identity, subject_code varchar(50) not null unique, subject_name varchar(100) not null, primary key (id))
Hibernate: create table teacher (account_id bigint not null unique, id bigint generated by default as identity, teacher_code varchar(50) not null unique, full_name varchar(150) not null, status enum ('ACTIVE','INACTIVE') not null, primary key (id))
Hibernate: create table teaching_assignment (academic_year_id bigint not null, class_id bigint not null, created_at timestamp(6) not null, id bigint generated by default as identity, semester_id bigint, subject_id bigint not null, teacher_id bigint not null, status enum ('ACTIVE','INACTIVE') not null, primary key (id))
Hibernate: create table timetable (day_of_week integer not null, effective_from date not null, effective_to date, end_time time(0) not null, slot_index integer not null, start_time time(0) not null, class_id bigint not null, id bigint generated by default as identity, lesson_slot_id bigint, semester_id bigint not null, study_group_id bigint, subject_id bigint not null, teacher_id bigint not null, room varchar(50), status enum ('ACTIVE','CANCELLED','DRAFT','INACTIVE','PUBLISHED') not null, primary key (id))
Hibernate: alter table if exists absence_record add constraint FKegg5k9j86v1l25t8x725xjx2w foreign key (leave_request_id) references leave_request
Hibernate: alter table if exists absence_record add constraint FKg9phqey7pe4to3p4bm1pdvi76 foreign key (recorded_by_teacher_id) references teacher
Hibernate: alter table if exists absence_record add constraint FK9y8y1q89opjixhpd90ecaem9f foreign key (class_id) references class
Hibernate: alter table if exists absence_record add constraint FKnvjpnshaxjr9j2q1twbjdcqij foreign key (student_id) references student
Hibernate: alter table if exists account_role add constraint FK1f8y4iy71kb1arff79s71j0dh foreign key (account_id) references account
Hibernate: alter table if exists class add constraint FKecporfrbn3okhb9gtxh0svssh foreign key (academic_year_id) references academic_year
Hibernate: alter table if exists class add constraint FKamt4nfkuixpjlei5gs6cusjtr foreign key (homeroom_teacher_id) references teacher
Hibernate: alter table if exists grade add constraint FK7ctj5vcpjad9soyw4528u9s6 foreign key (entered_by_teacher_id) references teacher
Hibernate: alter table if exists grade add constraint FKt4f7ypwk8qp3c2dpkrcw24rg1 foreign key (grade_component_id) references grade_component
Hibernate: alter table if exists grade add constraint FK4t8jgswbxdikjdrft6an8ntbw foreign key (class_id) references class
Hibernate: alter table if exists grade add constraint FKndoaallktteqb0osyspg5fsi0 foreign key (semester_id) references semester
Hibernate: alter table if exists grade add constraint FK5secqnjjwgh9wxk4h1xwgj1n0 foreign key (student_id) references student
Hibernate: alter table if exists grade add constraint FKhhw6hbmiyabjlm1jghr00m5d8 foreign key (subject_id) references subject
Hibernate: alter table if exists grade add constraint FKtm9tybtyiqn9r1r7exol1it2c foreign key (updated_by_account_id) references account
Hibernate: alter table if exists learning_result add constraint FKrdnt4ofsn0v4vdqwotge133sw foreign key (finalized_by_account_id) references account
Hibernate: alter table if exists learning_result add constraint FKork376d16fch7y0hhariw13gv foreign key (class_id) references class
Hibernate: alter table if exists learning_result add constraint FK2qgg5dn95pvo7rlrv81xmh00u foreign key (semester_id) references semester
Hibernate: alter table if exists learning_result add constraint FKnx4wj0pyox2ap78ekhwk8y008 foreign key (student_id) references student
Hibernate: alter table if exists learning_result add constraint FK5h855eoj4dtaxpbvgvawxogmh foreign key (subject_id) references subject
Hibernate: alter table if exists leave_request add constraint FKa457xil7cgdu4fs4l1erdd12g foreign key (parent_id) references parent
Hibernate: alter table if exists leave_request add constraint FK3dcmjpmt2gqg6duyjm83a8wff foreign key (reviewed_by_teacher_id) references teacher
Hibernate: alter table if exists leave_request add constraint FKogk1cw42detebandb878i6m7a foreign key (class_id) references class
Hibernate: alter table if exists leave_request add constraint FK6fy5gfkrrfvk6ql0ngf5g9h0e foreign key (student_id) references student
Hibernate: alter table if exists notification add constraint FK22tmejxmeces57x7panv6nldx foreign key (created_by_account_id) references account
Hibernate: alter table if exists notification add constraint FK6xvwtacid95fjcrh1oxccisbe foreign key (related_student_id) references student
Hibernate: alter table if exists notification_recipient add constraint FKk2g4t4r33cd3rbiarv962bj2w foreign key (account_id) references account
Hibernate: alter table if exists notification_recipient add constraint FKsb691ohcapb481gtapcm6humu foreign key (notification_id) references notification
Hibernate: alter table if exists parent add constraint FK9gvjs81exa8oxpvyt0uvh6dbn foreign key (account_id) references account
Hibernate: alter table if exists parent_student add constraint FKgf58e0fmkymwetklxvjxrbt6n foreign key (parent_id) references parent
Hibernate: alter table if exists parent_student add constraint FK3h9b41twcc107v5me9pvdswaw foreign key (student_id) references student
Hibernate: alter table if exists school_event add constraint FKmi9knejy5930tweym4hk4l3cx foreign key (created_by_account_id) references account
Hibernate: alter table if exists school_event add constraint FKpfjxx85dhv2xmxc38s1b634od foreign key (class_id) references class
Hibernate: alter table if exists student add constraint FKoootcgotavmpat2yv9o52wx1q foreign key (account_id) references account
Hibernate: alter table if exists student add constraint FK9lxwfxntj1s6wp03blqispib8 foreign key (current_class_id) references class
Hibernate: alter table if exists student_class_history add constraint FKedn0r67gh6bkbrstrdub35eow foreign key (class_id) references class
Hibernate: alter table if exists student_class_history add constraint FK251fi3es74bw96u0bbmq57l9l foreign key (student_id) references student
Hibernate: alter table if exists student_study_group add constraint FKpy30lpuaabwsu54tspg8uacfe foreign key (semester_id) references semester
Hibernate: alter table if exists student_study_group add constraint FK1gqvx73dq349eua2c45p43o24 foreign key (student_id) references student
Hibernate: alter table if exists student_study_group add constraint FKcw27mbsn8c7y5ivf2iygen22h foreign key (study_group_id) references study_group
Hibernate: alter table if exists study_group add constraint FKi6icw9spfxahojvjymep2hnn9 foreign key (class_id) references class
Hibernate: alter table if exists teacher add constraint FK5t4vdu18ohx39bj4lef9qf779 foreign key (account_id) references account
Hibernate: alter table if exists teaching_assignment add constraint FKf8vp7p9a2pvr0mwbuwqpaeudr foreign key (academic_year_id) references academic_year
Hibernate: alter table if exists teaching_assignment add constraint FKk6qqvankw9r5e2jy2bpauriy4 foreign key (class_id) references class
Hibernate: alter table if exists teaching_assignment add constraint FKr4e22u43f881ix497nl310iij foreign key (semester_id) references semester
Hibernate: alter table if exists teaching_assignment add constraint FKeo8hv8bv0fc7fxbkkkej0cd26 foreign key (subject_id) references subject
Hibernate: alter table if exists teaching_assignment add constraint FKll77lgydtlrgtm1u2p3eq7psi foreign key (teacher_id) references teacher
Hibernate: alter table if exists timetable add constraint FKond5r9n6xlg6in25cdbxfkpui foreign key (lesson_slot_id) references lesson_slot
Hibernate: alter table if exists timetable add constraint FKtklp5fgk79vr3ksunucsdmvry foreign key (class_id) references class
Hibernate: alter table if exists timetable add constraint FKmkvrn4nnpjhpjxgqvd4dhfdbl foreign key (semester_id) references semester
Hibernate: alter table if exists timetable add constraint FKrcjh7ekwm4cuh3ium0edn8wht foreign key (study_group_id) references study_group
Hibernate: alter table if exists timetable add constraint FKrh8c0l2hwidfd0hbp7ovnjpck foreign key (subject_id) references subject
Hibernate: alter table if exists timetable add constraint FKhd499vsb2ov3ecvj5suwxukc3 foreign key (teacher_id) references teacher
2026-07-17T02:32:30.311+07:00  INFO 21948 --- [myfschool-backend] [           main] j.LocalContainerEntityManagerFactoryBean : Initialized JPA EntityManagerFactory for persistence unit 'default'
2026-07-17T02:32:30.722+07:00  INFO 21948 --- [myfschool-backend] [           main] c.m.academic.TimetableRepositoryTests    : Started TimetableRepositoryTests in 1.349 seconds (process running for 17.974)
Hibernate: insert into academic_year
    (id, name, start_date, end_date, status)
values
    (1, '2026-2027', '2026-08-01', '2027-05-31', 'ACTIVE')

Hibernate: insert into semester
    (id, academic_year_id, name, semester_index, start_date, end_date, status)
values
    (1, 1, 'Học kỳ 1', 1, '2026-08-01', '2026-12-31', 'ACTIVE')

Hibernate: insert into class (id, academic_year_id, class_code, class_name)
values (1, 1, '10A1', '10A1')

Hibernate: insert into subject (id, subject_code, subject_name)
values (1, 'TOAN', 'Toán')

Hibernate: insert into account
    (id, username, password_hash, status, created_at, updated_at)
values
    (1, 'teacher_test', 'test-password-hash', 'ACTIVE',
     current_timestamp, current_timestamp)

Hibernate: insert into teacher (id, account_id, teacher_code, full_name, status)
values (1, 1, 'TCH001', 'Giáo viên Toán', 'ACTIVE')

Hibernate: insert into lesson_slot
    (id, shift, slot_index, start_time, end_time)
values
    (1, 'MORNING', 2, '08:25:00', '09:10:00')

Hibernate: insert into study_group
    (id, class_id, subject_cluster_id, group_code, group_name, status)
values
    (10, 1, 100, '10A1-TN', '10A1 - Cụm Tự nhiên', 'ACTIVE'),
    (11, 1, 101, '10A1-XH', '10A1 - Cụm Xã hội', 'ACTIVE')

Hibernate: insert into timetable
    (id, semester_id, class_id, study_group_id, subject_id, teacher_id,
     lesson_slot_id, day_of_week, slot_index, start_time,
     end_time, room, effective_from, effective_to, status)
values
    (1, 1, 1, null, 1, 1, 1, 1, 2, '08:25:00', '09:10:00',
     'A101', '2026-08-01', '2026-12-31', 'PUBLISHED'),
    (2, 1, 1, null, 1, 1, 1, 2, 2, '08:25:00', '09:10:00',
     'A101', '2026-08-01', '2026-12-31', 'DRAFT'),
    (3, 1, 1, null, 1, 1, 1, 4, 2, '08:25:00', '09:10:00',
     'A101', '2026-09-01', '2026-12-31', 'PUBLISHED'),
    (4, 1, 1, 10, 1, 1, 1, 2, 2, '08:25:00', '09:10:00',
     'A102', '2026-08-01', '2026-12-31', 'PUBLISHED'),
    (5, 1, 1, 11, 1, 1, 1, 3, 2, '08:25:00', '09:10:00',
     'A103', '2026-08-01', '2026-12-31', 'PUBLISHED')

Hibernate: select t1_0.id,t1_0.day_of_week,t1_0.effective_from,t1_0.effective_to,t1_0.end_time,ls1_0.id,ls1_0.end_time,ls1_0.shift,ls1_0.slot_index,ls1_0.start_time,t1_0.room,t1_0.class_id,sc1_0.id,sc1_0.academic_year_id,sc1_0.class_code,sc1_0.class_name,sc1_0.homeroom_teacher_id,t1_0.semester_id,s1_0.id,s1_0.academic_year_id,s1_0.end_date,s1_0.name,s1_0.semester_index,s1_0.start_date,s1_0.status,t1_0.slot_index,t1_0.start_time,t1_0.status,sg1_0.id,sg1_0.group_code,sg1_0.group_name,sg1_0.class_id,sg1_0.status,sg1_0.subject_cluster_id,t1_0.subject_id,s2_0.id,s2_0.subject_code,s2_0.subject_name,t1_0.teacher_id,t2_0.id,t2_0.account_id,t2_0.full_name,t2_0.status,t2_0.teacher_code from timetable t1_0 join semester s1_0 on s1_0.id=t1_0.semester_id join class sc1_0 on sc1_0.id=t1_0.class_id join subject s2_0 on s2_0.id=t1_0.subject_id join teacher t2_0 on t2_0.id=t1_0.teacher_id left join lesson_slot ls1_0 on ls1_0.id=t1_0.lesson_slot_id left join study_group sg1_0 on sg1_0.id=t1_0.study_group_id where sc1_0.id=? and s1_0.id=? and (sg1_0.id is null or sg1_0.id=?) and t1_0.status=? and t1_0.effective_from<=? and (t1_0.effective_to is null or t1_0.effective_to>=?) order by t1_0.day_of_week,t1_0.slot_index
Hibernate: select t1_0.id,t1_0.day_of_week,t1_0.effective_from,t1_0.effective_to,t1_0.end_time,ls1_0.id,ls1_0.end_time,ls1_0.shift,ls1_0.slot_index,ls1_0.start_time,t1_0.room,t1_0.class_id,sc1_0.id,sc1_0.academic_year_id,sc1_0.class_code,sc1_0.class_name,sc1_0.homeroom_teacher_id,t1_0.semester_id,s1_0.id,s1_0.academic_year_id,s1_0.end_date,s1_0.name,s1_0.semester_index,s1_0.start_date,s1_0.status,t1_0.slot_index,t1_0.start_time,t1_0.status,sg1_0.id,sg1_0.group_code,sg1_0.group_name,sg1_0.class_id,sg1_0.status,sg1_0.subject_cluster_id,t1_0.subject_id,s2_0.id,s2_0.subject_code,s2_0.subject_name,t1_0.teacher_id,t2_0.id,t2_0.account_id,t2_0.full_name,t2_0.status,t2_0.teacher_code from timetable t1_0 join semester s1_0 on s1_0.id=t1_0.semester_id join class sc1_0 on sc1_0.id=t1_0.class_id join subject s2_0 on s2_0.id=t1_0.subject_id join teacher t2_0 on t2_0.id=t1_0.teacher_id left join lesson_slot ls1_0 on ls1_0.id=t1_0.lesson_slot_id left join study_group sg1_0 on sg1_0.id=t1_0.study_group_id where sc1_0.id=? and s1_0.id=? and (sg1_0.id is null or sg1_0.id=?) and t1_0.status=? and t1_0.effective_from<=? and (t1_0.effective_to is null or t1_0.effective_to>=?) order by t1_0.day_of_week,t1_0.slot_index
Hibernate: select t1_0.id,t1_0.day_of_week,t1_0.effective_from,t1_0.effective_to,t1_0.end_time,ls1_0.id,ls1_0.end_time,ls1_0.shift,ls1_0.slot_index,ls1_0.start_time,t1_0.room,t1_0.class_id,sc1_0.id,sc1_0.academic_year_id,sc1_0.class_code,sc1_0.class_name,sc1_0.homeroom_teacher_id,t1_0.semester_id,s1_0.id,s1_0.academic_year_id,s1_0.end_date,s1_0.name,s1_0.semester_index,s1_0.start_date,s1_0.status,t1_0.slot_index,t1_0.start_time,t1_0.status,sg1_0.id,sg1_0.group_code,sg1_0.group_name,sg1_0.class_id,sg1_0.status,sg1_0.subject_cluster_id,t1_0.subject_id,s2_0.id,s2_0.subject_code,s2_0.subject_name,t1_0.teacher_id,t2_0.id,t2_0.account_id,t2_0.full_name,t2_0.status,t2_0.teacher_code from timetable t1_0 join semester s1_0 on s1_0.id=t1_0.semester_id join class sc1_0 on sc1_0.id=t1_0.class_id join subject s2_0 on s2_0.id=t1_0.subject_id join teacher t2_0 on t2_0.id=t1_0.teacher_id left join lesson_slot ls1_0 on ls1_0.id=t1_0.lesson_slot_id left join study_group sg1_0 on sg1_0.id=t1_0.study_group_id where t2_0.id=? and s1_0.id=? and t1_0.status=? and t1_0.effective_from<=? and (t1_0.effective_to is null or t1_0.effective_to>=?) order by t1_0.day_of_week,t1_0.slot_index,sc1_0.class_code
Hibernate: select t1_0.id,t1_0.day_of_week,t1_0.effective_from,t1_0.effective_to,t1_0.end_time,ls1_0.id,ls1_0.end_time,ls1_0.shift,ls1_0.slot_index,ls1_0.start_time,t1_0.room,t1_0.class_id,sc1_0.id,sc1_0.academic_year_id,sc1_0.class_code,sc1_0.class_name,sc1_0.homeroom_teacher_id,t1_0.semester_id,s1_0.id,s1_0.academic_year_id,s1_0.end_date,s1_0.name,s1_0.semester_index,s1_0.start_date,s1_0.status,t1_0.slot_index,t1_0.start_time,t1_0.status,sg1_0.id,sg1_0.group_code,sg1_0.group_name,sg1_0.class_id,sg1_0.status,sg1_0.subject_cluster_id,t1_0.subject_id,s2_0.id,s2_0.subject_code,s2_0.subject_name,t1_0.teacher_id,t2_0.id,t2_0.account_id,t2_0.full_name,t2_0.status,t2_0.teacher_code from timetable t1_0 join semester s1_0 on s1_0.id=t1_0.semester_id join class sc1_0 on sc1_0.id=t1_0.class_id join subject s2_0 on s2_0.id=t1_0.subject_id join teacher t2_0 on t2_0.id=t1_0.teacher_id left join lesson_slot ls1_0 on ls1_0.id=t1_0.lesson_slot_id left join study_group sg1_0 on sg1_0.id=t1_0.study_group_id where sc1_0.id=? and s1_0.id=? and (? is null or sg1_0.id is null or sg1_0.id=?) and t1_0.status=? and t1_0.effective_from<=? and (t1_0.effective_to is null or t1_0.effective_to>=?) order by t1_0.day_of_week,t1_0.slot_index,sg1_0.group_name
Hibernate: select t1_0.id,t1_0.day_of_week,t1_0.effective_from,t1_0.effective_to,t1_0.end_time,ls1_0.id,ls1_0.end_time,ls1_0.shift,ls1_0.slot_index,ls1_0.start_time,t1_0.room,t1_0.class_id,sc1_0.id,sc1_0.academic_year_id,sc1_0.class_code,sc1_0.class_name,sc1_0.homeroom_teacher_id,t1_0.semester_id,s1_0.id,s1_0.academic_year_id,s1_0.end_date,s1_0.name,s1_0.semester_index,s1_0.start_date,s1_0.status,t1_0.slot_index,t1_0.start_time,t1_0.status,sg1_0.id,sg1_0.group_code,sg1_0.group_name,sg1_0.class_id,sg1_0.status,sg1_0.subject_cluster_id,t1_0.subject_id,s2_0.id,s2_0.subject_code,s2_0.subject_name,t1_0.teacher_id,t2_0.id,t2_0.account_id,t2_0.full_name,t2_0.status,t2_0.teacher_code from timetable t1_0 join semester s1_0 on s1_0.id=t1_0.semester_id join class sc1_0 on sc1_0.id=t1_0.class_id join subject s2_0 on s2_0.id=t1_0.subject_id join teacher t2_0 on t2_0.id=t1_0.teacher_id left join lesson_slot ls1_0 on ls1_0.id=t1_0.lesson_slot_id left join study_group sg1_0 on sg1_0.id=t1_0.study_group_id where sc1_0.id=? and s1_0.id=? and (? is null or sg1_0.id is null or sg1_0.id=?) and t1_0.status=? and t1_0.effective_from<=? and (t1_0.effective_to is null or t1_0.effective_to>=?) order by t1_0.day_of_week,t1_0.slot_index,sg1_0.group_name
]]></system-out>
  </testcase>
</testsuite>