<?xml version="1.0" encoding="UTF-8"?>
<testsuite xmlns:xsi="http://www.w3.org/2001/XMLSchema-instance" xsi:noNamespaceSchemaLocation="https://maven.apache.org/surefire/maven-surefire-plugin/xsd/surefire-test-report.xsd" version="3.0.2" name="com.myfschool.account.AccountRepositoryTests" time="5.16" tests="2" errors="0" skipped="0" failures="0" flakes="0">
  <properties>
[...]
</properties>
  <testcase name="findsAccountByPhone" classname="com.myfschool.account.AccountRepositoryTests" time="0.684">
    <system-out><![CDATA[10:35:35.700 [main] INFO org.springframework.test.context.support.AnnotationConfigContextLoaderUtils -- Could not detect default configuration classes for test class [com.myfschool.account.AccountRepositoryTests]: AccountRepositoryTests does not declare any static, non-private, non-final, nested classes annotated with @Configuration.
10:35:35.877 [main] INFO org.springframework.boot.test.context.SpringBootTestContextBootstrapper -- Found @SpringBootConfiguration com.myfschool.MyFschoolApplication for test class com.myfschool.account.AccountRepositoryTests
10:35:35.880 [main] INFO org.springframework.test.context.support.AnnotationConfigContextLoaderUtils -- Could not detect default configuration classes for test class [com.myfschool.account.AccountRepositoryTests]: AccountRepositoryTests does not declare any static, non-private, non-final, nested classes annotated with @Configuration.
10:35:35.902 [main] INFO org.springframework.boot.test.context.SpringBootTestContextBootstrapper -- Found @SpringBootConfiguration com.myfschool.MyFschoolApplication for test class com.myfschool.account.AccountRepositoryTests

  .   ____          _            __ _ _
 /\\ / ___'_ __ _ _(_)_ __  __ _ \ \ \ \
( ( )\___ | '_ | '_| | '_ \/ _` | \ \ \ \
 \\/  ___)| |_)| | | | | || (_| |  ) ) ) )
  '  |____| .__|_| |_|_| |_\__, | / / / /
 =========|_|==============|___/=/_/_/_/

 :: Spring Boot ::                (v4.1.0)

2026-07-12T10:35:36.441+07:00  INFO 19744 --- [myfschool-backend] [           main] c.m.account.AccountRepositoryTests       : Starting AccountRepositoryTests using Java 24.0.2 with PID 19744 (started by nguye in C:\Users\nguye\myfschoolse1913\backend)
2026-07-12T10:35:36.443+07:00  INFO 19744 --- [myfschool-backend] [           main] c.m.account.AccountRepositoryTests       : The following 1 profile is active: "test"
2026-07-12T10:35:36.924+07:00  INFO 19744 --- [myfschool-backend] [           main] .s.d.r.c.RepositoryConfigurationDelegate : Bootstrapping Spring Data JPA repositories in DEFAULT mode.
2026-07-12T10:35:36.996+07:00  INFO 19744 --- [myfschool-backend] [           main] .s.d.r.c.RepositoryConfigurationDelegate : Finished Spring Data repository scanning in 52 ms. Found 2 JPA repository interfaces.
2026-07-12T10:35:37.053+07:00  INFO 19744 --- [myfschool-backend] [           main] beddedDataSourceBeanFactoryPostProcessor : Replacing 'dataSource' DataSource bean with embedded version
2026-07-12T10:35:37.151+07:00  INFO 19744 --- [myfschool-backend] [           main] o.s.j.d.e.EmbeddedDatabaseFactory        : Starting embedded database: url='jdbc:h2:mem:ec3a5a38-2012-4a6d-b574-c388a5f937a4;DB_CLOSE_DELAY=-1;DB_CLOSE_ON_EXIT=false', username='sa'
2026-07-12T10:35:37.450+07:00  INFO 19744 --- [myfschool-backend] [           main] org.hibernate.orm.jpa                    : HHH008540: Processing PersistenceUnitInfo [name: default]
2026-07-12T10:35:37.508+07:00  INFO 19744 --- [myfschool-backend] [           main] org.hibernate.orm.core                   : HHH000001: Hibernate ORM core version 7.4.1.Final
2026-07-12T10:35:37.973+07:00  INFO 19744 --- [myfschool-backend] [           main] o.s.o.j.p.SpringPersistenceUnitInfo      : No LoadTimeWeaver setup: ignoring JPA class transformer
2026-07-12T10:35:38.052+07:00  INFO 19744 --- [myfschool-backend] [           main] org.hibernate.orm.connections.pooling    : HHH10001005: Database info:
	Database JDBC URL [jdbc:h2:mem:ec3a5a38-2012-4a6d-b574-c388a5f937a4]
	Database driver: H2 JDBC Driver
	Database dialect: H2Dialect
	Database version: 2.4.240
	Default catalog/schema: EC3A5A38-2012-4A6D-B574-C388A5F937A4/PUBLIC
	Autocommit mode: undefined/unknown
	Isolation level: READ_COMMITTED [default READ_COMMITTED]
	JDBC fetch size: 100
	Pool: DataSourceConnectionProvider
	Minimum pool size: undefined/unknown
	Maximum pool size: undefined/unknown
2026-07-12T10:35:38.886+07:00  INFO 19744 --- [myfschool-backend] [           main] org.hibernate.orm.core                   : HHH000489: No JTA platform available (set 'hibernate.transaction.jta.platform' to enable JTA platform integration)
Hibernate: drop table if exists account cascade 
Hibernate: drop table if exists account_role cascade 
Hibernate: create table account (created_at timestamp(6) not null, id bigint generated by default as identity, last_login_at timestamp(6), updated_at timestamp(6) not null, phone varchar(20) unique, username varchar(100) unique, email varchar(255), password_hash varchar(255) not null, status enum ('ACTIVE','INACTIVE','LOCKED','PASSWORD_RESET_REQUIRED') not null, primary key (id))
Hibernate: create table account_role (account_id bigint not null, created_at timestamp(6) not null, id bigint generated by default as identity, updated_at timestamp(6) not null, role enum ('ADMIN','PARENT','STUDENT','TEACHER') not null, status enum ('ACTIVE','INACTIVE') not null, primary key (id), constraint uq_account_role_account_role unique (account_id, role))
Hibernate: alter table if exists account_role add constraint FK1f8y4iy71kb1arff79s71j0dh foreign key (account_id) references account
2026-07-12T10:35:38.933+07:00  INFO 19744 --- [myfschool-backend] [           main] j.LocalContainerEntityManagerFactoryBean : Initialized JPA EntityManagerFactory for persistence unit 'default'
2026-07-12T10:35:39.050+07:00  INFO 19744 --- [myfschool-backend] [           main] o.s.d.j.r.query.QueryEnhancerFactories   : Hibernate is in classpath; If applicable, HQL parser will be used.
2026-07-12T10:35:39.889+07:00  INFO 19744 --- [myfschool-backend] [           main] c.m.account.AccountRepositoryTests       : Started AccountRepositoryTests in 3.911 seconds (process running for 5.167)
Hibernate: insert into account (created_at,email,last_login_at,password_hash,phone,status,updated_at,username,id) values (?,?,?,?,?,?,?,?,default)
Hibernate: insert into account_role (account_id,created_at,role,status,updated_at,id) values (?,?,?,?,?,default)
Hibernate: select distinct a1_0.id,a1_0.created_at,a1_0.email,a1_0.last_login_at,a1_0.password_hash,a1_0.phone,r1_0.account_id,r1_0.id,r1_0.created_at,r1_0.role,r1_0.status,r1_0.updated_at,a1_0.status,a1_0.updated_at,a1_0.username from account a1_0 left join account_role r1_0 on a1_0.id=r1_0.account_id where a1_0.username=? or a1_0.phone=?
]]></system-out>
    <system-err><![CDATA[Mockito is currently self-attaching to enable the inline-mock-maker. This will no longer work in future releases of the JDK. Please add Mockito as an agent to your build as described in Mockito's documentation: https://javadoc.io/doc/org.mockito/mockito-core/latest/org.mockito/org/mockito/Mockito.html#0.3
WARNING: A Java agent has been loaded dynamically (C:\Users\nguye\.m2\repository\net\bytebuddy\byte-buddy-agent\1.18.10\byte-buddy-agent-1.18.10.jar)
WARNING: If a serviceability tool is in use, please run with -XX:+EnableDynamicAgentLoading to hide this warning
WARNING: If a serviceability tool is not in use, please run with -Djdk.instrument.traceUsage for more information
WARNING: Dynamic loading of agents will be disallowed by default in a future release
]]></system-err>
  </testcase>
  <testcase name="findsAccountAndRolesByUsername" classname="com.myfschool.account.AccountRepositoryTests" time="0.031">
    <system-out><![CDATA[Hibernate: insert into account (created_at,email,last_login_at,password_hash,phone,status,updated_at,username,id) values (?,?,?,?,?,?,?,?,default)
Hibernate: insert into account_role (account_id,created_at,role,status,updated_at,id) values (?,?,?,?,?,default)
Hibernate: select distinct a1_0.id,a1_0.created_at,a1_0.email,a1_0.last_login_at,a1_0.password_hash,a1_0.phone,r1_0.account_id,r1_0.id,r1_0.created_at,r1_0.role,r1_0.status,r1_0.updated_at,a1_0.status,a1_0.updated_at,a1_0.username from account a1_0 left join account_role r1_0 on a1_0.id=r1_0.account_id where a1_0.username=? or a1_0.phone=?
]]></system-out>
  </testcase>
</testsuite>